
                                             
  [PDOException]                             
  SQLSTATE[HY000] [2002] Connection refused  
                                             


                                             
  [PDOException]                             
  SQLSTATE[HY000] [2002] Connection refused  
                                             


                                             
  [PDOException]                             
  SQLSTATE[HY000] [2002] Connection refused  
                                             


                                             
  [PDOException]                             
  SQLSTATE[HY000] [2002] Connection refused  
                                             


                                             
  [PDOException]                             
  SQLSTATE[HY000] [2002] Connection refused  
                                             


                                             
  [PDOException]                             
  SQLSTATE[HY000] [2002] Connection refused  
                                             


                                             
  [PDOException]                             
  SQLSTATE[HY000] [2002] Connection refused  
                                             


                                             
  [PDOException]                             
  SQLSTATE[HY000] [2002] Connection refused  
                                             


                                             
  [PDOException]                             
  SQLSTATE[HY000] [2002] Connection refused  
                                             


                                             
  [PDOException]                             
  SQLSTATE[HY000] [2002] Connection refused  
                                             


                                             
  [PDOException]                             
  SQLSTATE[HY000] [2002] Connection refused  
                                             


                                             
  [PDOException]                             
  SQLSTATE[HY000] [2002] Connection refused  
                                             


                                             
  [PDOException]                             
  SQLSTATE[HY000] [2002] Connection refused  
                                             


                                             
  [PDOException]                             
  SQLSTATE[HY000] [2002] Connection refused  
                                             


                                             
  [PDOException]                             
  SQLSTATE[HY000] [2002] Connection refused  
                                             


                                             
  [PDOException]                             
  SQLSTATE[HY000] [2002] Connection refused  
                                             


                                             
  [PDOException]                             
  SQLSTATE[HY000] [2002] Connection refused  
                                             


                                             
  [PDOException]                             
  SQLSTATE[HY000] [2002] Connection refused  
                                             


                                             
  [PDOException]                             
  SQLSTATE[HY000] [2002] Connection refused  
                                             


                                             
  [PDOException]                             
  SQLSTATE[HY000] [2002] Connection refused  
                                             


                                             
  [PDOException]                             
  SQLSTATE[HY000] [2002] Connection refused  
                                             


                                             
  [PDOException]                             
  SQLSTATE[HY000] [2002] Connection refused  
                                             


                                             
  [PDOException]                             
  SQLSTATE[HY000] [2002] Connection refused  
                                             


                                             
  [PDOException]                             
  SQLSTATE[HY000] [2002] Connection refused  
                                             


                                             
  [PDOException]                             
  SQLSTATE[HY000] [2002] Connection refused  
                                             


                                             
  [PDOException]                             
  SQLSTATE[HY000] [2002] Connection refused  
                                             


                                             
  [PDOException]                             
  SQLSTATE[HY000] [2002] Connection refused  
                                             


                                             
  [PDOException]                             
  SQLSTATE[HY000] [2002] Connection refused  
                                             


                                             
  [PDOException]                             
  SQLSTATE[HY000] [2002] Connection refused  
                                             


                                             
  [PDOException]                             
  SQLSTATE[HY000] [2002] Connection refused  
                                             


                                             
  [PDOException]                             
  SQLSTATE[HY000] [2002] Connection refused  
                                             


                                             
  [PDOException]                             
  SQLSTATE[HY000] [2002] Connection refused  
                                             


                                             
  [PDOException]                             
  SQLSTATE[HY000] [2002] Connection refused  
                                             


                                             
  [PDOException]                             
  SQLSTATE[HY000] [2002] Connection refused  
                                             


                                             
  [PDOException]                             
  SQLSTATE[HY000] [2002] Connection refused  
                                             


                                             
  [PDOException]                             
  SQLSTATE[HY000] [2002] Connection refused  
                                             


                                             
  [PDOException]                             
  SQLSTATE[HY000] [2002] Connection refused  
                                             


                                             
  [PDOException]                             
  SQLSTATE[HY000] [2002] Connection refused  
                                             


                                             
  [PDOException]                             
  SQLSTATE[HY000] [2002] Connection refused  
                                             


                                             
  [PDOException]                             
  SQLSTATE[HY000] [2002] Connection refused  
                                             


                                             
  [PDOException]                             
  SQLSTATE[HY000] [2002] Connection refused  
                                             


                                             
  [PDOException]                             
  SQLSTATE[HY000] [2002] Connection refused  
                                             


                                             
  [PDOException]                             
  SQLSTATE[HY000] [2002] Connection refused  
                                             


                                             
  [PDOException]                             
  SQLSTATE[HY000] [2002] Connection refused  
                                             


                                             
  [PDOException]                             
  SQLSTATE[HY000] [2002] Connection refused  
                                             


                                             
  [PDOException]                             
  SQLSTATE[HY000] [2002] Connection refused  
                                             


                                             
  [PDOException]                             
  SQLSTATE[HY000] [2002] Connection refused  
                                             


                                             
  [PDOException]                             
  SQLSTATE[HY000] [2002] Connection refused  
                                             


                                             
  [PDOException]                             
  SQLSTATE[HY000] [2002] Connection refused  
                                             


                                             
  [PDOException]                             
  SQLSTATE[HY000] [2002] Connection refused  
                                             


                                             
  [PDOException]                             
  SQLSTATE[HY000] [2002] Connection refused  
                                             


                                             
  [PDOException]                             
  SQLSTATE[HY000] [2002] Connection refused  
                                             


                                             
  [PDOException]                             
  SQLSTATE[HY000] [2002] Connection refused  
                                             


                                             
  [PDOException]                             
  SQLSTATE[HY000] [2002] Connection refused  
                                             


                                             
  [PDOException]                             
  SQLSTATE[HY000] [2002] Connection refused  
                                             


                                             
  [PDOException]                             
  SQLSTATE[HY000] [2002] Connection refused  
                                             


                                             
  [PDOException]                             
  SQLSTATE[HY000] [2002] Connection refused  
                                             


                                             
  [PDOException]                             
  SQLSTATE[HY000] [2002] Connection refused  
                                             


                                             
  [PDOException]                             
  SQLSTATE[HY000] [2002] Connection refused  
                                             


                                             
  [PDOException]                             
  SQLSTATE[HY000] [2002] Connection refused  
                                             


                                             
  [PDOException]                             
  SQLSTATE[HY000] [2002] Connection refused  
                                             


                                             
  [PDOException]                             
  SQLSTATE[HY000] [2002] Connection refused  
                                             


                                             
  [PDOException]                             
  SQLSTATE[HY000] [2002] Connection refused  
                                             


                                             
  [PDOException]                             
  SQLSTATE[HY000] [2002] Connection refused  
                                             


                                             
  [PDOException]                             
  SQLSTATE[HY000] [2002] Connection refused  
                                             


                                             
  [PDOException]                             
  SQLSTATE[HY000] [2002] Connection refused  
                                             


                                             
  [PDOException]                             
  SQLSTATE[HY000] [2002] Connection refused  
                                             


                                             
  [PDOException]                             
  SQLSTATE[HY000] [2002] Connection refused  
                                             


                                             
  [PDOException]                             
  SQLSTATE[HY000] [2002] Connection refused  
                                             


                                             
  [PDOException]                             
  SQLSTATE[HY000] [2002] Connection refused  
                                             


                                             
  [PDOException]                             
  SQLSTATE[HY000] [2002] Connection refused  
                                             


                                             
  [PDOException]                             
  SQLSTATE[HY000] [2002] Connection refused  
                                             


                                             
  [PDOException]                             
  SQLSTATE[HY000] [2002] Connection refused  
                                             


                                             
  [PDOException]                             
  SQLSTATE[HY000] [2002] Connection refused  
                                             


                                             
  [PDOException]                             
  SQLSTATE[HY000] [2002] Connection refused  
                                             


                                             
  [PDOException]                             
  SQLSTATE[HY000] [2002] Connection refused  
                                             


                                             
  [PDOException]                             
  SQLSTATE[HY000] [2002] Connection refused  
                                             


                                             
  [PDOException]                             
  SQLSTATE[HY000] [2002] Connection refused  
                                             


                                             
  [PDOException]                             
  SQLSTATE[HY000] [2002] Connection refused  
                                             


                                             
  [PDOException]                             
  SQLSTATE[HY000] [2002] Connection refused  
                                             


                                             
  [PDOException]                             
  SQLSTATE[HY000] [2002] Connection refused  
                                             


                                             
  [PDOException]                             
  SQLSTATE[HY000] [2002] Connection refused  
                                             


                                             
  [PDOException]                             
  SQLSTATE[HY000] [2002] Connection refused  
                                             


                                             
  [PDOException]                             
  SQLSTATE[HY000] [2002] Connection refused  
                                             


                                             
  [PDOException]                             
  SQLSTATE[HY000] [2002] Connection refused  
                                             


                                             
  [PDOException]                             
  SQLSTATE[HY000] [2002] Connection refused  
                                             


                                             
  [PDOException]                             
  SQLSTATE[HY000] [2002] Connection refused  
                                             


                                             
  [PDOException]                             
  SQLSTATE[HY000] [2002] Connection refused  
                                             


                                             
  [PDOException]                             
  SQLSTATE[HY000] [2002] Connection refused  
                                             


                                             
  [PDOException]                             
  SQLSTATE[HY000] [2002] Connection refused  
                                             


                                             
  [PDOException]                             
  SQLSTATE[HY000] [2002] Connection refused  
                                             


                                             
  [PDOException]                             
  SQLSTATE[HY000] [2002] Connection refused  
                                             


                                             
  [PDOException]                             
  SQLSTATE[HY000] [2002] Connection refused  
                                             


                                             
  [PDOException]                             
  SQLSTATE[HY000] [2002] Connection refused  
                                             


                                             
  [PDOException]                             
  SQLSTATE[HY000] [2002] Connection refused  
                                             


                                             
  [PDOException]                             
  SQLSTATE[HY000] [2002] Connection refused  
                                             


                                             
  [PDOException]                             
  SQLSTATE[HY000] [2002] Connection refused  
                                             


                                             
  [PDOException]                             
  SQLSTATE[HY000] [2002] Connection refused  
                                             


                                             
  [PDOException]                             
  SQLSTATE[HY000] [2002] Connection refused  
                                             


                                             
  [PDOException]                             
  SQLSTATE[HY000] [2002] Connection refused  
                                             


                                             
  [PDOException]                             
  SQLSTATE[HY000] [2002] Connection refused  
                                             


                                             
  [PDOException]                             
  SQLSTATE[HY000] [2002] Connection refused  
                                             


                                             
  [PDOException]                             
  SQLSTATE[HY000] [2002] Connection refused  
                                             


                                             
  [PDOException]                             
  SQLSTATE[HY000] [2002] Connection refused  
                                             


                                             
  [PDOException]                             
  SQLSTATE[HY000] [2002] Connection refused  
                                             


                                             
  [PDOException]                             
  SQLSTATE[HY000] [2002] Connection refused  
                                             


                                             
  [PDOException]                             
  SQLSTATE[HY000] [2002] Connection refused  
                                             


                                             
  [PDOException]                             
  SQLSTATE[HY000] [2002] Connection refused  
                                             


                                             
  [PDOException]                             
  SQLSTATE[HY000] [2002] Connection refused  
                                             


                                             
  [PDOException]                             
  SQLSTATE[HY000] [2002] Connection refused  
                                             


                                             
  [PDOException]                             
  SQLSTATE[HY000] [2002] Connection refused  
                                             


                                             
  [PDOException]                             
  SQLSTATE[HY000] [2002] Connection refused  
                                             


                                             
  [PDOException]                             
  SQLSTATE[HY000] [2002] Connection refused  
                                             


                                             
  [PDOException]                             
  SQLSTATE[HY000] [2002] Connection refused  
                                             


                                             
  [PDOException]                             
  SQLSTATE[HY000] [2002] Connection refused  
                                             


                                             
  [PDOException]                             
  SQLSTATE[HY000] [2002] Connection refused  
                                             


                                             
  [PDOException]                             
  SQLSTATE[HY000] [2002] Connection refused  
                                             


                                             
  [PDOException]                             
  SQLSTATE[HY000] [2002] Connection refused  
                                             


                                             
  [PDOException]                             
  SQLSTATE[HY000] [2002] Connection refused  
                                             


                                             
  [PDOException]                             
  SQLSTATE[HY000] [2002] Connection refused  
                                             


                                             
  [PDOException]                             
  SQLSTATE[HY000] [2002] Connection refused  
                                             

[2016-07-26 11:22:57] Processed: mailer@handleQueuedMessage
[2016-07-26 11:22:59] Processed: mailer@handleQueuedMessage
[2016-07-26 11:23:12] Processed: mailer@handleQueuedMessage
[2016-07-26 11:23:17] Processed: mailer@handleQueuedMessage
[2016-07-26 11:29:37] Processed: mailer@handleQueuedMessage
[2016-07-26 11:30:03] Processed: IlluminateQueueClosure

                                                                                                                                                                                
  [Symfony\Component\Process\Exception\ProcessTimedOutException]                                                                                                                
  The process "'/usr/bin/php7.0' 'artisan' queue:work '' --queue='default' --delay=0 --memory=128 --sleep=3 --tries=0 --env='production'" exceeded the timeout of 240 seconds.  
                                                                                                                                                                                

[2016-07-26 16:01:11] Processed: mailer@handleQueuedMessage
[2016-07-26 16:01:13] Processed: mailer@handleQueuedMessage
